13:52:39 **** Incremental Build of configuration Debug for project GLCD_Interfacing ****
make all 
Building file: ../main.c
Invoking: AVR Compiler
avr-gcc -Wall -g2 -gstabs -O0 -fpack-struct -fshort-enums -ffunction-sections -fdata-sections -std=gnu99 -funsigned-char -funsigned-bitfields -mmcu=atmega32 -DF_CPU=16000000UL -MMD -MP -MF"main.d" -MT"main.o" -c -o "main.o" "../main.c"
In file included from ../main.c:12:
c:/winavr-20100110/lib/gcc/../../avr/include/util/delay.h:90:3: warning: #warning "Compiler optimizations disabled; functions from <util/delay.h> won't work as designed"
Finished building: ../main.c
 
Building target: GLCD_Interfacing.elf
Invoking: AVR C Linker
avr-gcc -Wl,-Map,GLCD_Interfacing.map -mmcu=atmega32 -o "GLCD_Interfacing.elf"  ./glcd.o ./gpio.o ./main.o   
Finished building target: GLCD_Interfacing.elf
 
Invoking: AVR Create Extended Listing
avr-objdump -h -S GLCD_Interfacing.elf  >"GLCD_Interfacing.lss"
Finished building: GLCD_Interfacing.lss
 
Invoking: Print Size
avr-size --format=avr --mcu=atmega32 GLCD_Interfacing.elf
AVR Memory Usage
----------------
Device: atmega32

Program:    8720 bytes (26.6% Full)
(.text + .data + .bootloader)

Data:          8 bytes (0.4% Full)
(.data + .bss + .noinit)


Finished building: sizedummy
 

13:52:40 Build Finished. 0 errors, 1 warnings. (took 854ms)

