21:54:34 **** Build of configuration Debug for project GLCD_Interfacing ****
make all 
Building file: ../glcd.c
Invoking: AVR Compiler
avr-gcc -Wall -g2 -gstabs -O0 -fpack-struct -fshort-enums -ffunction-sections -fdata-sections -std=gnu99 -funsigned-char -funsigned-bitfields -mmcu=atmega32 -DF_CPU=16000000UL -MMD -MP -MF"glcd.d" -MT"glcd.o" -c -o "glcd.o" "../glcd.c"
In file included from ../glcd.c:14:
c:/winavr-20100110/lib/gcc/../../avr/include/util/delay.h:90:3: warning: #warning "Compiler optimizations disabled; functions from <util/delay.h> won't work as designed"
../glcd.c: In function 'GLCD_sendCommand':
../glcd.c:95: error: duplicate case value
../glcd.c:73: error: previously used here
make: *** [glcd.o] Error 1
"make all" terminated with exit code 2. Build might be incomplete.
21:56:46 **** Incremental Build of configuration Debug for project GLCD_Interfacing ****
make all 
Building file: ../glcd.c
Invoking: AVR Compiler
avr-gcc -Wall -g2 -gstabs -O0 -fpack-struct -fshort-enums -ffunction-sections -fdata-sections -std=gnu99 -funsigned-char -funsigned-bitfields -mmcu=atmega32 -DF_CPU=16000000UL -MMD -MP -MF"glcd.d" -MT"glcd.o" -c -o "glcd.o" "../glcd.c"
In file included from ../glcd.c:14:
c:/winavr-20100110/lib/gcc/../../avr/include/util/delay.h:90:3: warning: #warning "Compiler optimizations disabled; functions from <util/delay.h> won't work as designed"
../glcd.c: In function 'GLCD_sendCommand':
../glcd.c:98: error: duplicate case value
../glcd.c:76: error: previously used here
make: *** [glcd.o] Error 1
"make all" terminated with exit code 2. Build might be incomplete.
21:57:56 **** Incremental Build of configuration Debug for project GLCD_Interfacing ****
make all 
Building file: ../glcd.c
Invoking: AVR Compiler
avr-gcc -Wall -g2 -gstabs -O0 -fpack-struct -fshort-enums -ffunction-sections -fdata-sections -std=gnu99 -funsigned-char -funsigned-bitfields -mmcu=atmega32 -DF_CPU=16000000UL -MMD -MP -MF"glcd.d" -MT"glcd.o" -c -o "glcd.o" "../glcd.c"
In file included from ../glcd.c:14:
c:/winavr-20100110/lib/gcc/../../avr/include/util/delay.h:90:3: warning: #warning "Compiler optimizations disabled; functions from <util/delay.h> won't work as designed"
Finished building: ../glcd.c
 
Building file: ../gpio.c
Invoking: AVR Compiler
avr-gcc -Wall -g2 -gstabs -O0 -fpack-struct -fshort-enums -ffunction-sections -fdata-sections -std=gnu99 -funsigned-char -funsigned-bitfields -mmcu=atmega32 -DF_CPU=16000000UL -MMD -MP -MF"gpio.d" -MT"gpio.o" -c -o "gpio.o" "../gpio.c"
Finished building: ../gpio.c
 
Building file: ../main.c
Invoking: AVR Compiler
avr-gcc -Wall -g2 -gstabs -O0 -fpack-struct -fshort-enums -ffunction-sections -fdata-sections -std=gnu99 -funsigned-char -funsigned-bitfields -mmcu=atmega32 -DF_CPU=16000000UL -MMD -MP -MF"main.d" -MT"main.o" -c -o "main.o" "../main.c"
Finished building: ../main.c
 
Building target: GLCD_Interfacing.elf
Invoking: AVR C Linker
avr-gcc -Wl,-Map,GLCD_Interfacing.map -mmcu=atmega32 -o "GLCD_Interfacing.elf"  ./glcd.o ./gpio.o ./main.o   
Finished building target: GLCD_Interfacing.elf
 
Invoking: AVR Create Extended Listing
avr-objdump -h -S GLCD_Interfacing.elf  >"GLCD_Interfacing.lss"
Finished building: GLCD_Interfacing.lss
 
Invoking: Print Size
avr-size --format=avr --mcu=atmega32 GLCD_Interfacing.elf
AVR Memory Usage
----------------
Device: atmega32

Program:    7020 bytes (21.4% Full)
(.text + .data + .bootloader)

Data:          8 bytes (0.4% Full)
(.data + .bss + .noinit)


Finished building: sizedummy
 
22:10:27 **** Incremental Build of configuration Debug for project GLCD_Interfacing ****
make all 
Invoking: Print Size
avr-size --format=avr --mcu=atmega32 GLCD_Interfacing.elf
AVR Memory Usage
----------------
Device: atmega32

Program:    7020 bytes (21.4% Full)
(.text + .data + .bootloader)

Data:          8 bytes (0.4% Full)
(.data + .bss + .noinit)


Finished building: sizedummy
 
09:58:33 **** Incremental Build of configuration Debug for project GLCD_Interfacing ****
make all 
Building file: ../glcd.c
Invoking: AVR Compiler
avr-gcc -Wall -g2 -gstabs -O0 -fpack-struct -fshort-enums -ffunction-sections -fdata-sections -std=gnu99 -funsigned-char -funsigned-bitfields -mmcu=atmega32 -DF_CPU=16000000UL -MMD -MP -MF"glcd.d" -MT"glcd.o" -c -o "glcd.o" "../glcd.c"
In file included from ../glcd.c:14:
c:/winavr-20100110/lib/gcc/../../avr/include/util/delay.h:90:3: warning: #warning "Compiler optimizations disabled; functions from <util/delay.h> won't work as designed"
../glcd.c: In function 'GLCD_displayStringPageColumn':
../glcd.c:119: error: number of arguments doesn't match prototype
../glcd.h:48: error: prototype declaration
make: *** [glcd.o] Error 1
"make all" terminated with exit code 2. Build might be incomplete.
10:01:27 **** Incremental Build of configuration Debug for project GLCD_Interfacing ****
make all 
Building file: ../glcd.c
Invoking: AVR Compiler
avr-gcc -Wall -g2 -gstabs -O0 -fpack-struct -fshort-enums -ffunction-sections -fdata-sections -std=gnu99 -funsigned-char -funsigned-bitfields -mmcu=atmega32 -DF_CPU=16000000UL -MMD -MP -MF"glcd.d" -MT"glcd.o" -c -o "glcd.o" "../glcd.c"
In file included from ../glcd.c:14:
c:/winavr-20100110/lib/gcc/../../avr/include/util/delay.h:90:3: warning: #warning "Compiler optimizations disabled; functions from <util/delay.h> won't work as designed"
../glcd.c: In function 'GLCD_displayStringPageColumn':
../glcd.c:119: error: number of arguments doesn't match prototype
../glcd.h:51: error: prototype declaration
make: *** [glcd.o] Error 1
"make all" terminated with exit code 2. Build might be incomplete.
10:39:40 **** Incremental Build of configuration Debug for project GLCD_Interfacing ****
make all 
Building file: ../glcd.c
Invoking: AVR Compiler
avr-gcc -Wall -g2 -gstabs -O0 -fpack-struct -fshort-enums -ffunction-sections -fdata-sections -std=gnu99 -funsigned-char -funsigned-bitfields -mmcu=atmega32 -DF_CPU=16000000UL -MMD -MP -MF"glcd.d" -MT"glcd.o" -c -o "glcd.o" "../glcd.c"
In file included from ../glcd.c:14:
c:/winavr-20100110/lib/gcc/../../avr/include/util/delay.h:90:3: warning: #warning "Compiler optimizations disabled; functions from <util/delay.h> won't work as designed"
Finished building: ../glcd.c
 
Building file: ../main.c
Invoking: AVR Compiler
avr-gcc -Wall -g2 -gstabs -O0 -fpack-struct -fshort-enums -ffunction-sections -fdata-sections -std=gnu99 -funsigned-char -funsigned-bitfields -mmcu=atmega32 -DF_CPU=16000000UL -MMD -MP -MF"main.d" -MT"main.o" -c -o "main.o" "../main.c"
Finished building: ../main.c
 
Building target: GLCD_Interfacing.elf
Invoking: AVR C Linker
avr-gcc -Wl,-Map,GLCD_Interfacing.map -mmcu=atmega32 -o "GLCD_Interfacing.elf"  ./glcd.o ./gpio.o ./main.o   
Finished building target: GLCD_Interfacing.elf
 
Invoking: AVR Create Extended Listing
avr-objdump -h -S GLCD_Interfacing.elf  >"GLCD_Interfacing.lss"
Finished building: GLCD_Interfacing.lss
 
Invoking: Print Size
avr-size --format=avr --mcu=atmega32 GLCD_Interfacing.elf
AVR Memory Usage
----------------
Device: atmega32

Program:    8148 bytes (24.9% Full)
(.text + .data + .bootloader)

Data:          8 bytes (0.4% Full)
(.data + .bss + .noinit)


Finished building: sizedummy
 
10:40:50 **** Incremental Build of configuration Debug for project GLCD_Interfacing ****
make all 
Building file: ../glcd.c
Invoking: AVR Compiler
avr-gcc -Wall -g2 -gstabs -O0 -fpack-struct -fshort-enums -ffunction-sections -fdata-sections -std=gnu99 -funsigned-char -funsigned-bitfields -mmcu=atmega32 -DF_CPU=16000000UL -MMD -MP -MF"glcd.d" -MT"glcd.o" -c -o "glcd.o" "../glcd.c"
In file included from ../glcd.c:14:
c:/winavr-20100110/lib/gcc/../../avr/include/util/delay.h:90:3: warning: #warning "Compiler optimizations disabled; functions from <util/delay.h> won't work as designed"
Finished building: ../glcd.c
 
Building file: ../main.c
Invoking: AVR Compiler
avr-gcc -Wall -g2 -gstabs -O0 -fpack-struct -fshort-enums -ffunction-sections -fdata-sections -std=gnu99 -funsigned-char -funsigned-bitfields -mmcu=atmega32 -DF_CPU=16000000UL -MMD -MP -MF"main.d" -MT"main.o" -c -o "main.o" "../main.c"
Finished building: ../main.c
 
Building target: GLCD_Interfacing.elf
Invoking: AVR C Linker
avr-gcc -Wl,-Map,GLCD_Interfacing.map -mmcu=atmega32 -o "GLCD_Interfacing.elf"  ./glcd.o ./gpio.o ./main.o   
Finished building target: GLCD_Interfacing.elf
 
Invoking: AVR Create Extended Listing
avr-objdump -h -S GLCD_Interfacing.elf  >"GLCD_Interfacing.lss"
Finished building: GLCD_Interfacing.lss
 
Invoking: Print Size
avr-size --format=avr --mcu=atmega32 GLCD_Interfacing.elf
AVR Memory Usage
----------------
Device: atmega32

Program:    8154 bytes (24.9% Full)
(.text + .data + .bootloader)

Data:          8 bytes (0.4% Full)
(.data + .bss + .noinit)


Finished building: sizedummy
 
10:41:57 **** Incremental Build of configuration Debug for project GLCD_Interfacing ****
make all 
Building file: ../glcd.c
Invoking: AVR Compiler
avr-gcc -Wall -g2 -gstabs -O0 -fpack-struct -fshort-enums -ffunction-sections -fdata-sections -std=gnu99 -funsigned-char -funsigned-bitfields -mmcu=atmega32 -DF_CPU=16000000UL -MMD -MP -MF"glcd.d" -MT"glcd.o" -c -o "glcd.o" "../glcd.c"
In file included from ../glcd.c:14:
c:/winavr-20100110/lib/gcc/../../avr/include/util/delay.h:90:3: warning: #warning "Compiler optimizations disabled; functions from <util/delay.h> won't work as designed"
Finished building: ../glcd.c
 
Building file: ../main.c
Invoking: AVR Compiler
avr-gcc -Wall -g2 -gstabs -O0 -fpack-struct -fshort-enums -ffunction-sections -fdata-sections -std=gnu99 -funsigned-char -funsigned-bitfields -mmcu=atmega32 -DF_CPU=16000000UL -MMD -MP -MF"main.d" -MT"main.o" -c -o "main.o" "../main.c"
Finished building: ../main.c
 
Building target: GLCD_Interfacing.elf
Invoking: AVR C Linker
avr-gcc -Wl,-Map,GLCD_Interfacing.map -mmcu=atmega32 -o "GLCD_Interfacing.elf"  ./glcd.o ./gpio.o ./main.o   
Finished building target: GLCD_Interfacing.elf
 
Invoking: AVR Create Extended Listing
avr-objdump -h -S GLCD_Interfacing.elf  >"GLCD_Interfacing.lss"
Finished building: GLCD_Interfacing.lss
 
Invoking: Print Size
avr-size --format=avr --mcu=atmega32 GLCD_Interfacing.elf
AVR Memory Usage
----------------
Device: atmega32

Program:    9458 bytes (28.9% Full)
(.text + .data + .bootloader)

Data:          8 bytes (0.4% Full)
(.data + .bss + .noinit)


Finished building: sizedummy
 
10:55:09 **** Incremental Build of configuration Debug for project GLCD_Interfacing ****
make all 
Building file: ../glcd.c
Invoking: AVR Compiler
avr-gcc -Wall -g2 -gstabs -O0 -fpack-struct -fshort-enums -ffunction-sections -fdata-sections -std=gnu99 -funsigned-char -funsigned-bitfields -mmcu=atmega32 -DF_CPU=16000000UL -MMD -MP -MF"glcd.d" -MT"glcd.o" -c -o "glcd.o" "../glcd.c"
In file included from ../glcd.c:14:
c:/winavr-20100110/lib/gcc/../../avr/include/util/delay.h:90:3: warning: #warning "Compiler optimizations disabled; functions from <util/delay.h> won't work as designed"
Finished building: ../glcd.c
 
Building file: ../main.c
Invoking: AVR Compiler
avr-gcc -Wall -g2 -gstabs -O0 -fpack-struct -fshort-enums -ffunction-sections -fdata-sections -std=gnu99 -funsigned-char -funsigned-bitfields -mmcu=atmega32 -DF_CPU=16000000UL -MMD -MP -MF"main.d" -MT"main.o" -c -o "main.o" "../main.c"
Finished building: ../main.c
 
Building target: GLCD_Interfacing.elf
Invoking: AVR C Linker
avr-gcc -Wl,-Map,GLCD_Interfacing.map -mmcu=atmega32 -o "GLCD_Interfacing.elf"  ./glcd.o ./gpio.o ./main.o   
Finished building target: GLCD_Interfacing.elf
 
Invoking: AVR Create Extended Listing
avr-objdump -h -S GLCD_Interfacing.elf  >"GLCD_Interfacing.lss"
Finished building: GLCD_Interfacing.lss
 
Invoking: Print Size
avr-size --format=avr --mcu=atmega32 GLCD_Interfacing.elf
AVR Memory Usage
----------------
Device: atmega32

Program:    7618 bytes (23.2% Full)
(.text + .data + .bootloader)

Data:          8 bytes (0.4% Full)
(.data + .bss + .noinit)


Finished building: sizedummy
 
11:28:35 **** Incremental Build of configuration Debug for project GLCD_Interfacing ****
make all 
Building file: ../glcd.c
Invoking: AVR Compiler
avr-gcc -Wall -g2 -gstabs -O0 -fpack-struct -fshort-enums -ffunction-sections -fdata-sections -std=gnu99 -funsigned-char -funsigned-bitfields -mmcu=atmega32 -DF_CPU=16000000UL -MMD -MP -MF"glcd.d" -MT"glcd.o" -c -o "glcd.o" "../glcd.c"
In file included from ../glcd.c:14:
c:/winavr-20100110/lib/gcc/../../avr/include/util/delay.h:90:3: warning: #warning "Compiler optimizations disabled; functions from <util/delay.h> won't work as designed"
../glcd.c:167:31: warning: "/*" within comment
../glcd.c: In function 'GLCD_displayStringPageColumn':
../glcd.c:235: warning: unused variable 'page_inc'
../glcd.c:234: warning: unused variable 'Y_Address'
../glcd.c:234: warning: unused variable 'col'
../glcd.c:234: warning: unused variable 'i'
Finished building: ../glcd.c
 
Building file: ../main.c
Invoking: AVR Compiler
avr-gcc -Wall -g2 -gstabs -O0 -fpack-struct -fshort-enums -ffunction-sections -fdata-sections -std=gnu99 -funsigned-char -funsigned-bitfields -mmcu=atmega32 -DF_CPU=16000000UL -MMD -MP -MF"main.d" -MT"main.o" -c -o "main.o" "../main.c"
Finished building: ../main.c
 
Building target: GLCD_Interfacing.elf
Invoking: AVR C Linker
avr-gcc -Wl,-Map,GLCD_Interfacing.map -mmcu=atmega32 -o "GLCD_Interfacing.elf"  ./glcd.o ./gpio.o ./main.o   
Finished building target: GLCD_Interfacing.elf
 
Invoking: AVR Create Extended Listing
avr-objdump -h -S GLCD_Interfacing.elf  >"GLCD_Interfacing.lss"
Finished building: GLCD_Interfacing.lss
 
Invoking: Print Size
avr-size --format=avr --mcu=atmega32 GLCD_Interfacing.elf
AVR Memory Usage
----------------
Device: atmega32

Program:    7784 bytes (23.8% Full)
(.text + .data + .bootloader)

Data:          8 bytes (0.4% Full)
(.data + .bss + .noinit)


Finished building: sizedummy
 
11:29:10 **** Incremental Build of configuration Debug for project GLCD_Interfacing ****
make all 
Building file: ../main.c
Invoking: AVR Compiler
avr-gcc -Wall -g2 -gstabs -O0 -fpack-struct -fshort-enums -ffunction-sections -fdata-sections -std=gnu99 -funsigned-char -funsigned-bitfields -mmcu=atmega32 -DF_CPU=16000000UL -MMD -MP -MF"main.d" -MT"main.o" -c -o "main.o" "../main.c"
../main.c: In function 'main':
../main.c:18: warning: passing argument 1 of 'GLCD_displayCharacter' makes integer from pointer without a cast
Finished building: ../main.c
 
Building target: GLCD_Interfacing.elf
Invoking: AVR C Linker
avr-gcc -Wl,-Map,GLCD_Interfacing.map -mmcu=atmega32 -o "GLCD_Interfacing.elf"  ./glcd.o ./gpio.o ./main.o   
Finished building target: GLCD_Interfacing.elf
 
Invoking: AVR Create Extended Listing
avr-objdump -h -S GLCD_Interfacing.elf  >"GLCD_Interfacing.lss"
Finished building: GLCD_Interfacing.lss
 
Invoking: Print Size
avr-size --format=avr --mcu=atmega32 GLCD_Interfacing.elf
AVR Memory Usage
----------------
Device: atmega32

Program:    7788 bytes (23.8% Full)
(.text + .data + .bootloader)

Data:         10 bytes (0.5% Full)
(.data + .bss + .noinit)


Finished building: sizedummy
 
11:32:07 **** Incremental Build of configuration Debug for project GLCD_Interfacing ****
make all 
Building file: ../main.c
Invoking: AVR Compiler
avr-gcc -Wall -g2 -gstabs -O0 -fpack-struct -fshort-enums -ffunction-sections -fdata-sections -std=gnu99 -funsigned-char -funsigned-bitfields -mmcu=atmega32 -DF_CPU=16000000UL -MMD -MP -MF"main.d" -MT"main.o" -c -o "main.o" "../main.c"
Finished building: ../main.c
 
Building target: GLCD_Interfacing.elf
Invoking: AVR C Linker
avr-gcc -Wl,-Map,GLCD_Interfacing.map -mmcu=atmega32 -o "GLCD_Interfacing.elf"  ./glcd.o ./gpio.o ./main.o   
Finished building target: GLCD_Interfacing.elf
 
Invoking: AVR Create Extended Listing
avr-objdump -h -S GLCD_Interfacing.elf  >"GLCD_Interfacing.lss"
Finished building: GLCD_Interfacing.lss
 
Invoking: Print Size
avr-size --format=avr --mcu=atmega32 GLCD_Interfacing.elf
AVR Memory Usage
----------------
Device: atmega32

Program:    7792 bytes (23.8% Full)
(.text + .data + .bootloader)

Data:         14 bytes (0.7% Full)
(.data + .bss + .noinit)


Finished building: sizedummy
 
11:34:00 **** Incremental Build of configuration Debug for project GLCD_Interfacing ****
make all 
Building file: ../glcd.c
Invoking: AVR Compiler
avr-gcc -Wall -g2 -gstabs -O0 -fpack-struct -fshort-enums -ffunction-sections -fdata-sections -std=gnu99 -funsigned-char -funsigned-bitfields -mmcu=atmega32 -DF_CPU=16000000UL -MMD -MP -MF"glcd.d" -MT"glcd.o" -c -o "glcd.o" "../glcd.c"
In file included from ../glcd.c:14:
c:/winavr-20100110/lib/gcc/../../avr/include/util/delay.h:90:3: warning: #warning "Compiler optimizations disabled; functions from <util/delay.h> won't work as designed"
../glcd.c:167:31: warning: "/*" within comment
../glcd.c: In function 'GLCD_displayStringPageColumn':
../glcd.c:235: warning: unused variable 'page_inc'
../glcd.c:234: warning: unused variable 'Y_Address'
../glcd.c:234: warning: unused variable 'col'
../glcd.c:234: warning: unused variable 'i'
Finished building: ../glcd.c
 
Building target: GLCD_Interfacing.elf
Invoking: AVR C Linker
avr-gcc -Wl,-Map,GLCD_Interfacing.map -mmcu=atmega32 -o "GLCD_Interfacing.elf"  ./glcd.o ./gpio.o ./main.o   
Finished building target: GLCD_Interfacing.elf
 
Invoking: AVR Create Extended Listing
avr-objdump -h -S GLCD_Interfacing.elf  >"GLCD_Interfacing.lss"
Finished building: GLCD_Interfacing.lss
 
Invoking: Print Size
avr-size --format=avr --mcu=atmega32 GLCD_Interfacing.elf
AVR Memory Usage
----------------
Device: atmega32

Program:    9044 bytes (27.6% Full)
(.text + .data + .bootloader)

Data:         14 bytes (0.7% Full)
(.data + .bss + .noinit)


Finished building: sizedummy
 
11:37:40 **** Incremental Build of configuration Debug for project GLCD_Interfacing ****
make all 
Building file: ../main.c
Invoking: AVR Compiler
avr-gcc -Wall -g2 -gstabs -O0 -fpack-struct -fshort-enums -ffunction-sections -fdata-sections -std=gnu99 -funsigned-char -funsigned-bitfields -mmcu=atmega32 -DF_CPU=16000000UL -MMD -MP -MF"main.d" -MT"main.o" -c -o "main.o" "../main.c"
Finished building: ../main.c
 
Building target: GLCD_Interfacing.elf
Invoking: AVR C Linker
avr-gcc -Wl,-Map,GLCD_Interfacing.map -mmcu=atmega32 -o "GLCD_Interfacing.elf"  ./glcd.o ./gpio.o ./main.o   
Finished building target: GLCD_Interfacing.elf
 
Invoking: AVR Create Extended Listing
avr-objdump -h -S GLCD_Interfacing.elf  >"GLCD_Interfacing.lss"
Finished building: GLCD_Interfacing.lss
 
Invoking: Print Size
avr-size --format=avr --mcu=atmega32 GLCD_Interfacing.elf
AVR Memory Usage
----------------
Device: atmega32

Program:    9036 bytes (27.6% Full)
(.text + .data + .bootloader)

Data:          8 bytes (0.4% Full)
(.data + .bss + .noinit)


Finished building: sizedummy
 
11:39:21 **** Incremental Build of configuration Debug for project GLCD_Interfacing ****
make all 
Building file: ../main.c
Invoking: AVR Compiler
avr-gcc -Wall -g2 -gstabs -O0 -fpack-struct -fshort-enums -ffunction-sections -fdata-sections -std=gnu99 -funsigned-char -funsigned-bitfields -mmcu=atmega32 -DF_CPU=16000000UL -MMD -MP -MF"main.d" -MT"main.o" -c -o "main.o" "../main.c"
../main.c: In function 'main':
../main.c:18: warning: implicit declaration of function '_delay_ms'
Finished building: ../main.c
 
Building target: GLCD_Interfacing.elf
Invoking: AVR C Linker
avr-gcc -Wl,-Map,GLCD_Interfacing.map -mmcu=atmega32 -o "GLCD_Interfacing.elf"  ./glcd.o ./gpio.o ./main.o   
./main.o: In function `main':
../main.c:18: undefined reference to `_delay_ms'
make: *** [GLCD_Interfacing.elf] Error 1
"make all" terminated with exit code 2. Build might be incomplete.
11:39:56 **** Incremental Build of configuration Debug for project GLCD_Interfacing ****
make all 
Building file: ../main.c
Invoking: AVR Compiler
avr-gcc -Wall -g2 -gstabs -O0 -fpack-struct -fshort-enums -ffunction-sections -fdata-sections -std=gnu99 -funsigned-char -funsigned-bitfields -mmcu=atmega32 -DF_CPU=16000000UL -MMD -MP -MF"main.d" -MT"main.o" -c -o "main.o" "../main.c"
In file included from ../main.c:12:
c:/winavr-20100110/lib/gcc/../../avr/include/util/delay.h:90:3: warning: #warning "Compiler optimizations disabled; functions from <util/delay.h> won't work as designed"
Finished building: ../main.c
 
Building target: GLCD_Interfacing.elf
Invoking: AVR C Linker
avr-gcc -Wl,-Map,GLCD_Interfacing.map -mmcu=atmega32 -o "GLCD_Interfacing.elf"  ./glcd.o ./gpio.o ./main.o   
Finished building target: GLCD_Interfacing.elf
 
Invoking: AVR Create Extended Listing
avr-objdump -h -S GLCD_Interfacing.elf  >"GLCD_Interfacing.lss"
Finished building: GLCD_Interfacing.lss
 
Invoking: Print Size
avr-size --format=avr --mcu=atmega32 GLCD_Interfacing.elf
AVR Memory Usage
----------------
Device: atmega32

Program:    9276 bytes (28.3% Full)
(.text + .data + .bootloader)

Data:          8 bytes (0.4% Full)
(.data + .bss + .noinit)


Finished building: sizedummy
 
11:40:39 **** Incremental Build of configuration Debug for project GLCD_Interfacing ****
make all 
Building file: ../glcd.c
Invoking: AVR Compiler
avr-gcc -Wall -g2 -gstabs -O0 -fpack-struct -fshort-enums -ffunction-sections -fdata-sections -std=gnu99 -funsigned-char -funsigned-bitfields -mmcu=atmega32 -DF_CPU=16000000UL -MMD -MP -MF"glcd.d" -MT"glcd.o" -c -o "glcd.o" "../glcd.c"
In file included from ../glcd.c:14:
c:/winavr-20100110/lib/gcc/../../avr/include/util/delay.h:90:3: warning: #warning "Compiler optimizations disabled; functions from <util/delay.h> won't work as designed"
../glcd.c:167:31: warning: "/*" within comment
../glcd.c: In function 'GLCD_displayStringPageColumn':
../glcd.c:235: warning: unused variable 'page_inc'
../glcd.c:234: warning: unused variable 'Y_Address'
../glcd.c:234: warning: unused variable 'col'
../glcd.c:234: warning: unused variable 'i'
Finished building: ../glcd.c
 
Building target: GLCD_Interfacing.elf
Invoking: AVR C Linker
avr-gcc -Wl,-Map,GLCD_Interfacing.map -mmcu=atmega32 -o "GLCD_Interfacing.elf"  ./glcd.o ./gpio.o ./main.o   
Finished building target: GLCD_Interfacing.elf
 
Invoking: AVR Create Extended Listing
avr-objdump -h -S GLCD_Interfacing.elf  >"GLCD_Interfacing.lss"
Finished building: GLCD_Interfacing.lss
 
Invoking: Print Size
avr-size --format=avr --mcu=atmega32 GLCD_Interfacing.elf
AVR Memory Usage
----------------
Device: atmega32

Program:    9276 bytes (28.3% Full)
(.text + .data + .bootloader)

Data:          8 bytes (0.4% Full)
(.data + .bss + .noinit)


Finished building: sizedummy
 
12:06:38 **** Incremental Build of configuration Debug for project GLCD_Interfacing ****
make all 
Building file: ../glcd.c
Invoking: AVR Compiler
avr-gcc -Wall -g2 -gstabs -O0 -fpack-struct -fshort-enums -ffunction-sections -fdata-sections -std=gnu99 -funsigned-char -funsigned-bitfields -mmcu=atmega32 -DF_CPU=16000000UL -MMD -MP -MF"glcd.d" -MT"glcd.o" -c -o "glcd.o" "../glcd.c"
In file included from ../glcd.c:14:
c:/winavr-20100110/lib/gcc/../../avr/include/util/delay.h:90:3: warning: #warning "Compiler optimizations disabled; functions from <util/delay.h> won't work as designed"
../glcd.c:170:31: warning: "/*" within comment
../glcd.c: In function 'GLCD_displayStringPageColumn':
../glcd.c:238: warning: unused variable 'page_inc'
../glcd.c:237: warning: unused variable 'Y_Address'
../glcd.c:237: warning: unused variable 'col'
../glcd.c:237: warning: unused variable 'i'
Finished building: ../glcd.c
 
Building target: GLCD_Interfacing.elf
Invoking: AVR C Linker
avr-gcc -Wl,-Map,GLCD_Interfacing.map -mmcu=atmega32 -o "GLCD_Interfacing.elf"  ./glcd.o ./gpio.o ./main.o   
Finished building target: GLCD_Interfacing.elf
 
Invoking: AVR Create Extended Listing
avr-objdump -h -S GLCD_Interfacing.elf  >"GLCD_Interfacing.lss"
Finished building: GLCD_Interfacing.lss
 
Invoking: Print Size
avr-size --format=avr --mcu=atmega32 GLCD_Interfacing.elf
AVR Memory Usage
----------------
Device: atmega32

Program:    9284 bytes (28.3% Full)
(.text + .data + .bootloader)

Data:          8 bytes (0.4% Full)
(.data + .bss + .noinit)


Finished building: sizedummy
 
12:07:30 **** Incremental Build of configuration Debug for project GLCD_Interfacing ****
make all 
Building file: ../glcd.c
Invoking: AVR Compiler
avr-gcc -Wall -g2 -gstabs -O0 -fpack-struct -fshort-enums -ffunction-sections -fdata-sections -std=gnu99 -funsigned-char -funsigned-bitfields -mmcu=atmega32 -DF_CPU=16000000UL -MMD -MP -MF"glcd.d" -MT"glcd.o" -c -o "glcd.o" "../glcd.c"
In file included from ../glcd.c:14:
c:/winavr-20100110/lib/gcc/../../avr/include/util/delay.h:90:3: warning: #warning "Compiler optimizations disabled; functions from <util/delay.h> won't work as designed"
../glcd.c:171:31: warning: "/*" within comment
../glcd.c: In function 'GLCD_displayStringPageColumn':
../glcd.c:239: warning: unused variable 'page_inc'
../glcd.c:238: warning: unused variable 'Y_Address'
../glcd.c:238: warning: unused variable 'col'
../glcd.c:238: warning: unused variable 'i'
Finished building: ../glcd.c
 
Building target: GLCD_Interfacing.elf
Invoking: AVR C Linker
avr-gcc -Wl,-Map,GLCD_Interfacing.map -mmcu=atmega32 -o "GLCD_Interfacing.elf"  ./glcd.o ./gpio.o ./main.o   
Finished building target: GLCD_Interfacing.elf
 
Invoking: AVR Create Extended Listing
avr-objdump -h -S GLCD_Interfacing.elf  >"GLCD_Interfacing.lss"
Finished building: GLCD_Interfacing.lss
 
Invoking: Print Size
avr-size --format=avr --mcu=atmega32 GLCD_Interfacing.elf
AVR Memory Usage
----------------
Device: atmega32

Program:    9512 bytes (29.0% Full)
(.text + .data + .bootloader)

Data:          8 bytes (0.4% Full)
(.data + .bss + .noinit)


Finished building: sizedummy
 
12:08:00 **** Incremental Build of configuration Debug for project GLCD_Interfacing ****
make all 
Building file: ../glcd.c
Invoking: AVR Compiler
avr-gcc -Wall -g2 -gstabs -O0 -fpack-struct -fshort-enums -ffunction-sections -fdata-sections -std=gnu99 -funsigned-char -funsigned-bitfields -mmcu=atmega32 -DF_CPU=16000000UL -MMD -MP -MF"glcd.d" -MT"glcd.o" -c -o "glcd.o" "../glcd.c"
In file included from ../glcd.c:14:
c:/winavr-20100110/lib/gcc/../../avr/include/util/delay.h:90:3: warning: #warning "Compiler optimizations disabled; functions from <util/delay.h> won't work as designed"
../glcd.c:171:31: warning: "/*" within comment
../glcd.c: In function 'GLCD_displayStringPageColumn':
../glcd.c:239: warning: unused variable 'page_inc'
../glcd.c:238: warning: unused variable 'Y_Address'
../glcd.c:238: warning: unused variable 'col'
../glcd.c:238: warning: unused variable 'i'
Finished building: ../glcd.c
 
Building target: GLCD_Interfacing.elf
Invoking: AVR C Linker
avr-gcc -Wl,-Map,GLCD_Interfacing.map -mmcu=atmega32 -o "GLCD_Interfacing.elf"  ./glcd.o ./gpio.o ./main.o   
Finished building target: GLCD_Interfacing.elf
 
Invoking: AVR Create Extended Listing
avr-objdump -h -S GLCD_Interfacing.elf  >"GLCD_Interfacing.lss"
Finished building: GLCD_Interfacing.lss
 
Invoking: Print Size
avr-size --format=avr --mcu=atmega32 GLCD_Interfacing.elf
AVR Memory Usage
----------------
Device: atmega32

Program:    9512 bytes (29.0% Full)
(.text + .data + .bootloader)

Data:          8 bytes (0.4% Full)
(.data + .bss + .noinit)


Finished building: sizedummy
 
12:08:18 **** Incremental Build of configuration Debug for project GLCD_Interfacing ****
make all 
Building file: ../glcd.c
Invoking: AVR Compiler
avr-gcc -Wall -g2 -gstabs -O0 -fpack-struct -fshort-enums -ffunction-sections -fdata-sections -std=gnu99 -funsigned-char -funsigned-bitfields -mmcu=atmega32 -DF_CPU=16000000UL -MMD -MP -MF"glcd.d" -MT"glcd.o" -c -o "glcd.o" "../glcd.c"
In file included from ../glcd.c:14:
c:/winavr-20100110/lib/gcc/../../avr/include/util/delay.h:90:3: warning: #warning "Compiler optimizations disabled; functions from <util/delay.h> won't work as designed"
../glcd.c:171:31: warning: "/*" within comment
../glcd.c: In function 'GLCD_displayStringPageColumn':
../glcd.c:239: warning: unused variable 'page_inc'
../glcd.c:238: warning: unused variable 'Y_Address'
../glcd.c:238: warning: unused variable 'col'
../glcd.c:238: warning: unused variable 'i'
Finished building: ../glcd.c
 
Building target: GLCD_Interfacing.elf
Invoking: AVR C Linker
avr-gcc -Wl,-Map,GLCD_Interfacing.map -mmcu=atmega32 -o "GLCD_Interfacing.elf"  ./glcd.o ./gpio.o ./main.o   
Finished building target: GLCD_Interfacing.elf
 
Invoking: AVR Create Extended Listing
avr-objdump -h -S GLCD_Interfacing.elf  >"GLCD_Interfacing.lss"
Finished building: GLCD_Interfacing.lss
 
Invoking: Print Size
avr-size --format=avr --mcu=atmega32 GLCD_Interfacing.elf
AVR Memory Usage
----------------
Device: atmega32

Program:    9512 bytes (29.0% Full)
(.text + .data + .bootloader)

Data:          8 bytes (0.4% Full)
(.data + .bss + .noinit)


Finished building: sizedummy
 
12:09:00 **** Incremental Build of configuration Debug for project GLCD_Interfacing ****
make all 
Building file: ../glcd.c
Invoking: AVR Compiler
avr-gcc -Wall -g2 -gstabs -O0 -fpack-struct -fshort-enums -ffunction-sections -fdata-sections -std=gnu99 -funsigned-char -funsigned-bitfields -mmcu=atmega32 -DF_CPU=16000000UL -MMD -MP -MF"glcd.d" -MT"glcd.o" -c -o "glcd.o" "../glcd.c"
In file included from ../glcd.c:14:
c:/winavr-20100110/lib/gcc/../../avr/include/util/delay.h:90:3: warning: #warning "Compiler optimizations disabled; functions from <util/delay.h> won't work as designed"
../glcd.c:170:31: warning: "/*" within comment
../glcd.c: In function 'GLCD_displayStringPageColumn':
../glcd.c:238: warning: unused variable 'page_inc'
../glcd.c:237: warning: unused variable 'Y_Address'
../glcd.c:237: warning: unused variable 'col'
../glcd.c:237: warning: unused variable 'i'
Finished building: ../glcd.c
 
Building target: GLCD_Interfacing.elf
Invoking: AVR C Linker
avr-gcc -Wl,-Map,GLCD_Interfacing.map -mmcu=atmega32 -o "GLCD_Interfacing.elf"  ./glcd.o ./gpio.o ./main.o   
Finished building target: GLCD_Interfacing.elf
 
Invoking: AVR Create Extended Listing
avr-objdump -h -S GLCD_Interfacing.elf  >"GLCD_Interfacing.lss"
Finished building: GLCD_Interfacing.lss
 
Invoking: Print Size
avr-size --format=avr --mcu=atmega32 GLCD_Interfacing.elf
AVR Memory Usage
----------------
Device: atmega32

Program:    9284 bytes (28.3% Full)
(.text + .data + .bootloader)

Data:          8 bytes (0.4% Full)
(.data + .bss + .noinit)


Finished building: sizedummy
 
12:09:49 **** Incremental Build of configuration Debug for project GLCD_Interfacing ****
make all 
Building file: ../main.c
Invoking: AVR Compiler
avr-gcc -Wall -g2 -gstabs -O0 -fpack-struct -fshort-enums -ffunction-sections -fdata-sections -std=gnu99 -funsigned-char -funsigned-bitfields -mmcu=atmega32 -DF_CPU=16000000UL -MMD -MP -MF"main.d" -MT"main.o" -c -o "main.o" "../main.c"
In file included from ../main.c:12:
c:/winavr-20100110/lib/gcc/../../avr/include/util/delay.h:90:3: warning: #warning "Compiler optimizations disabled; functions from <util/delay.h> won't work as designed"
Finished building: ../main.c
 
Building target: GLCD_Interfacing.elf
Invoking: AVR C Linker
avr-gcc -Wl,-Map,GLCD_Interfacing.map -mmcu=atmega32 -o "GLCD_Interfacing.elf"  ./glcd.o ./gpio.o ./main.o   
Finished building target: GLCD_Interfacing.elf
 
Invoking: AVR Create Extended Listing
avr-objdump -h -S GLCD_Interfacing.elf  >"GLCD_Interfacing.lss"
Finished building: GLCD_Interfacing.lss
 
Invoking: Print Size
avr-size --format=avr --mcu=atmega32 GLCD_Interfacing.elf
AVR Memory Usage
----------------
Device: atmega32

Program:    9278 bytes (28.3% Full)
(.text + .data + .bootloader)

Data:          8 bytes (0.4% Full)
(.data + .bss + .noinit)


Finished building: sizedummy
 
12:10:48 **** Incremental Build of configuration Debug for project GLCD_Interfacing ****
make all 
Building file: ../glcd.c
Invoking: AVR Compiler
avr-gcc -Wall -g2 -gstabs -O0 -fpack-struct -fshort-enums -ffunction-sections -fdata-sections -std=gnu99 -funsigned-char -funsigned-bitfields -mmcu=atmega32 -DF_CPU=16000000UL -MMD -MP -MF"glcd.d" -MT"glcd.o" -c -o "glcd.o" "../glcd.c"
In file included from ../glcd.c:14:
c:/winavr-20100110/lib/gcc/../../avr/include/util/delay.h:90:3: warning: #warning "Compiler optimizations disabled; functions from <util/delay.h> won't work as designed"
../glcd.c:170:31: warning: "/*" within comment
../glcd.c: In function 'GLCD_displayStringPageColumn':
../glcd.c:238: warning: unused variable 'page_inc'
../glcd.c:237: warning: unused variable 'Y_Address'
../glcd.c:237: warning: unused variable 'col'
../glcd.c:237: warning: unused variable 'i'
../glcd.c: In function 'GLCD_init':
../glcd.c:266: error: expected declaration or statement at end of input
make: *** [glcd.o] Error 1
"make all" terminated with exit code 2. Build might be incomplete.
12:10:59 **** Incremental Build of configuration Debug for project GLCD_Interfacing ****
make all 
Building file: ../glcd.c
Invoking: AVR Compiler
avr-gcc -Wall -g2 -gstabs -O0 -fpack-struct -fshort-enums -ffunction-sections -fdata-sections -std=gnu99 -funsigned-char -funsigned-bitfields -mmcu=atmega32 -DF_CPU=16000000UL -MMD -MP -MF"glcd.d" -MT"glcd.o" -c -o "glcd.o" "../glcd.c"
In file included from ../glcd.c:14:
c:/winavr-20100110/lib/gcc/../../avr/include/util/delay.h:90:3: warning: #warning "Compiler optimizations disabled; functions from <util/delay.h> won't work as designed"
../glcd.c:170:31: warning: "/*" within comment
../glcd.c: In function 'GLCD_displayStringPageColumn':
../glcd.c:238: warning: unused variable 'page_inc'
../glcd.c:237: warning: unused variable 'Y_Address'
../glcd.c:237: warning: unused variable 'col'
../glcd.c:237: warning: unused variable 'i'
Finished building: ../glcd.c
 
Building target: GLCD_Interfacing.elf
Invoking: AVR C Linker
avr-gcc -Wl,-Map,GLCD_Interfacing.map -mmcu=atmega32 -o "GLCD_Interfacing.elf"  ./glcd.o ./gpio.o ./main.o   
Finished building target: GLCD_Interfacing.elf
 
Invoking: AVR Create Extended Listing
avr-objdump -h -S GLCD_Interfacing.elf  >"GLCD_Interfacing.lss"
Finished building: GLCD_Interfacing.lss
 
Invoking: Print Size
avr-size --format=avr --mcu=atmega32 GLCD_Interfacing.elf
AVR Memory Usage
----------------
Device: atmega32

Program:    8946 bytes (27.3% Full)
(.text + .data + .bootloader)

Data:          8 bytes (0.4% Full)
(.data + .bss + .noinit)


Finished building: sizedummy
 
12:11:52 **** Incremental Build of configuration Debug for project GLCD_Interfacing ****
make all 
Building file: ../glcd.c
Invoking: AVR Compiler
avr-gcc -Wall -g2 -gstabs -O0 -fpack-struct -fshort-enums -ffunction-sections -fdata-sections -std=gnu99 -funsigned-char -funsigned-bitfields -mmcu=atmega32 -DF_CPU=16000000UL -MMD -MP -MF"glcd.d" -MT"glcd.o" -c -o "glcd.o" "../glcd.c"
In file included from ../glcd.c:14:
c:/winavr-20100110/lib/gcc/../../avr/include/util/delay.h:90:3: warning: #warning "Compiler optimizations disabled; functions from <util/delay.h> won't work as designed"
../glcd.c:170:31: warning: "/*" within comment
../glcd.c: In function 'GLCD_displayStringPageColumn':
../glcd.c:238: warning: unused variable 'page_inc'
../glcd.c:237: warning: unused variable 'Y_Address'
../glcd.c:237: warning: unused variable 'col'
../glcd.c:237: warning: unused variable 'i'
Finished building: ../glcd.c
 
Building target: GLCD_Interfacing.elf
Invoking: AVR C Linker
avr-gcc -Wl,-Map,GLCD_Interfacing.map -mmcu=atmega32 -o "GLCD_Interfacing.elf"  ./glcd.o ./gpio.o ./main.o   
Finished building target: GLCD_Interfacing.elf
 
Invoking: AVR Create Extended Listing
avr-objdump -h -S GLCD_Interfacing.elf  >"GLCD_Interfacing.lss"
Finished building: GLCD_Interfacing.lss
 
Invoking: Print Size
avr-size --format=avr --mcu=atmega32 GLCD_Interfacing.elf
AVR Memory Usage
----------------
Device: atmega32

Program:    8946 bytes (27.3% Full)
(.text + .data + .bootloader)

Data:          8 bytes (0.4% Full)
(.data + .bss + .noinit)


Finished building: sizedummy
 
12:26:22 **** Incremental Build of configuration Debug for project GLCD_Interfacing ****
make all 
Building file: ../glcd.c
Invoking: AVR Compiler
avr-gcc -Wall -g2 -gstabs -O0 -fpack-struct -fshort-enums -ffunction-sections -fdata-sections -std=gnu99 -funsigned-char -funsigned-bitfields -mmcu=atmega32 -DF_CPU=16000000UL -MMD -MP -MF"glcd.d" -MT"glcd.o" -c -o "glcd.o" "../glcd.c"
In file included from ../glcd.c:14:
c:/winavr-20100110/lib/gcc/../../avr/include/util/delay.h:90:3: warning: #warning "Compiler optimizations disabled; functions from <util/delay.h> won't work as designed"
../glcd.c:170:31: warning: "/*" within comment
../glcd.c: In function 'GLCD_displayStringPageColumn':
../glcd.c:238: warning: unused variable 'page_inc'
../glcd.c:237: warning: unused variable 'Y_Address'
../glcd.c:237: warning: unused variable 'col'
../glcd.c:237: warning: unused variable 'i'
Finished building: ../glcd.c
 
Building target: GLCD_Interfacing.elf
Invoking: AVR C Linker
avr-gcc -Wl,-Map,GLCD_Interfacing.map -mmcu=atmega32 -o "GLCD_Interfacing.elf"  ./glcd.o ./gpio.o ./main.o   
Finished building target: GLCD_Interfacing.elf
 
Invoking: AVR Create Extended Listing
avr-objdump -h -S GLCD_Interfacing.elf  >"GLCD_Interfacing.lss"
Finished building: GLCD_Interfacing.lss
 
Invoking: Print Size
avr-size --format=avr --mcu=atmega32 GLCD_Interfacing.elf
AVR Memory Usage
----------------
Device: atmega32

Program:    9278 bytes (28.3% Full)
(.text + .data + .bootloader)

Data:          8 bytes (0.4% Full)
(.data + .bss + .noinit)


Finished building: sizedummy
 
12:26:49 **** Incremental Build of configuration Debug for project GLCD_Interfacing ****
make all 
Building file: ../glcd.c
Invoking: AVR Compiler
avr-gcc -Wall -g2 -gstabs -O0 -fpack-struct -fshort-enums -ffunction-sections -fdata-sections -std=gnu99 -funsigned-char -funsigned-bitfields -mmcu=atmega32 -DF_CPU=16000000UL -MMD -MP -MF"glcd.d" -MT"glcd.o" -c -o "glcd.o" "../glcd.c"
In file included from ../glcd.c:14:
c:/winavr-20100110/lib/gcc/../../avr/include/util/delay.h:90:3: warning: #warning "Compiler optimizations disabled; functions from <util/delay.h> won't work as designed"
../glcd.c:170:31: warning: "/*" within comment
../glcd.c: In function 'GLCD_displayStringPageColumn':
../glcd.c:238: warning: unused variable 'page_inc'
../glcd.c:237: warning: unused variable 'Y_Address'
../glcd.c:237: warning: unused variable 'col'
../glcd.c:237: warning: unused variable 'i'
Finished building: ../glcd.c
 
Building target: GLCD_Interfacing.elf
Invoking: AVR C Linker
avr-gcc -Wl,-Map,GLCD_Interfacing.map -mmcu=atmega32 -o "GLCD_Interfacing.elf"  ./glcd.o ./gpio.o ./main.o   
Finished building target: GLCD_Interfacing.elf
 
Invoking: AVR Create Extended Listing
avr-objdump -h -S GLCD_Interfacing.elf  >"GLCD_Interfacing.lss"
Finished building: GLCD_Interfacing.lss
 
Invoking: Print Size
avr-size --format=avr --mcu=atmega32 GLCD_Interfacing.elf
AVR Memory Usage
----------------
Device: atmega32

Program:    9278 bytes (28.3% Full)
(.text + .data + .bootloader)

Data:          8 bytes (0.4% Full)
(.data + .bss + .noinit)


Finished building: sizedummy
 
12:28:04 **** Incremental Build of configuration Debug for project GLCD_Interfacing ****
make all 
Building file: ../glcd.c
Invoking: AVR Compiler
avr-gcc -Wall -g2 -gstabs -O0 -fpack-struct -fshort-enums -ffunction-sections -fdata-sections -std=gnu99 -funsigned-char -funsigned-bitfields -mmcu=atmega32 -DF_CPU=16000000UL -MMD -MP -MF"glcd.d" -MT"glcd.o" -c -o "glcd.o" "../glcd.c"
In file included from ../glcd.c:14:
c:/winavr-20100110/lib/gcc/../../avr/include/util/delay.h:90:3: warning: #warning "Compiler optimizations disabled; functions from <util/delay.h> won't work as designed"
../glcd.c:170:31: warning: "/*" within comment
../glcd.c: In function 'GLCD_displayStringPageColumn':
../glcd.c:238: warning: unused variable 'page_inc'
../glcd.c:237: warning: unused variable 'Y_Address'
../glcd.c:237: warning: unused variable 'col'
../glcd.c:237: warning: unused variable 'i'
Finished building: ../glcd.c
 
Building target: GLCD_Interfacing.elf
Invoking: AVR C Linker
avr-gcc -Wl,-Map,GLCD_Interfacing.map -mmcu=atmega32 -o "GLCD_Interfacing.elf"  ./glcd.o ./gpio.o ./main.o   
Finished building target: GLCD_Interfacing.elf
 
Invoking: AVR Create Extended Listing
avr-objdump -h -S GLCD_Interfacing.elf  >"GLCD_Interfacing.lss"
Finished building: GLCD_Interfacing.lss
 
Invoking: Print Size
avr-size --format=avr --mcu=atmega32 GLCD_Interfacing.elf
AVR Memory Usage
----------------
Device: atmega32

Program:    9278 bytes (28.3% Full)
(.text + .data + .bootloader)

Data:          8 bytes (0.4% Full)
(.data + .bss + .noinit)


Finished building: sizedummy
 
13:07:11 **** Incremental Build of configuration Debug for project GLCD_Interfacing ****
make all 
Building file: ../glcd.c
Invoking: AVR Compiler
avr-gcc -Wall -g2 -gstabs -O0 -fpack-struct -fshort-enums -ffunction-sections -fdata-sections -std=gnu99 -funsigned-char -funsigned-bitfields -mmcu=atmega32 -DF_CPU=16000000UL -MMD -MP -MF"glcd.d" -MT"glcd.o" -c -o "glcd.o" "../glcd.c"
In file included from ../glcd.c:14:
c:/winavr-20100110/lib/gcc/../../avr/include/util/delay.h:90:3: warning: #warning "Compiler optimizations disabled; functions from <util/delay.h> won't work as designed"
../glcd.c:149:31: warning: "/*" within comment
../glcd.c: In function 'GLCD_displayStringPageColumn':
../glcd.c:217: warning: unused variable 'page_inc'
../glcd.c:216: warning: unused variable 'Y_Address'
../glcd.c:216: warning: unused variable 'col'
../glcd.c:216: warning: unused variable 'i'
Finished building: ../glcd.c
 
Building file: ../main.c
Invoking: AVR Compiler
avr-gcc -Wall -g2 -gstabs -O0 -fpack-struct -fshort-enums -ffunction-sections -fdata-sections -std=gnu99 -funsigned-char -funsigned-bitfields -mmcu=atmega32 -DF_CPU=16000000UL -MMD -MP -MF"main.d" -MT"main.o" -c -o "main.o" "../main.c"
In file included from ../main.c:12:
c:/winavr-20100110/lib/gcc/../../avr/include/util/delay.h:90:3: warning: #warning "Compiler optimizations disabled; functions from <util/delay.h> won't work as designed"
Finished building: ../main.c
 
Building target: GLCD_Interfacing.elf
Invoking: AVR C Linker
avr-gcc -Wl,-Map,GLCD_Interfacing.map -mmcu=atmega32 -o "GLCD_Interfacing.elf"  ./glcd.o ./gpio.o ./main.o   
Finished building target: GLCD_Interfacing.elf
 
Invoking: AVR Create Extended Listing
avr-objdump -h -S GLCD_Interfacing.elf  >"GLCD_Interfacing.lss"
Finished building: GLCD_Interfacing.lss
 
Invoking: Print Size
avr-size --format=avr --mcu=atmega32 GLCD_Interfacing.elf
AVR Memory Usage
----------------
Device: atmega32

Program:    8702 bytes (26.6% Full)
(.text + .data + .bootloader)

Data:          8 bytes (0.4% Full)
(.data + .bss + .noinit)


Finished building: sizedummy
 
13:07:41 **** Incremental Build of configuration Debug for project GLCD_Interfacing ****
make all 
Building file: ../main.c
Invoking: AVR Compiler
avr-gcc -Wall -g2 -gstabs -O0 -fpack-struct -fshort-enums -ffunction-sections -fdata-sections -std=gnu99 -funsigned-char -funsigned-bitfields -mmcu=atmega32 -DF_CPU=16000000UL -MMD -MP -MF"main.d" -MT"main.o" -c -o "main.o" "../main.c"
In file included from ../main.c:12:
c:/winavr-20100110/lib/gcc/../../avr/include/util/delay.h:90:3: warning: #warning "Compiler optimizations disabled; functions from <util/delay.h> won't work as designed"
Finished building: ../main.c
 
Building target: GLCD_Interfacing.elf
Invoking: AVR C Linker
avr-gcc -Wl,-Map,GLCD_Interfacing.map -mmcu=atmega32 -o "GLCD_Interfacing.elf"  ./glcd.o ./gpio.o ./main.o   
Finished building target: GLCD_Interfacing.elf
 
Invoking: AVR Create Extended Listing
avr-objdump -h -S GLCD_Interfacing.elf  >"GLCD_Interfacing.lss"
Finished building: GLCD_Interfacing.lss
 
Invoking: Print Size
avr-size --format=avr --mcu=atmega32 GLCD_Interfacing.elf
AVR Memory Usage
----------------
Device: atmega32

Program:    8468 bytes (25.8% Full)
(.text + .data + .bootloader)

Data:          8 bytes (0.4% Full)
(.data + .bss + .noinit)


Finished building: sizedummy
 
13:32:59 **** Incremental Build of configuration Debug for project GLCD_Interfacing ****
make all 
Building file: ../glcd.c
Invoking: AVR Compiler
avr-gcc -Wall -g2 -gstabs -O0 -fpack-struct -fshort-enums -ffunction-sections -fdata-sections -std=gnu99 -funsigned-char -funsigned-bitfields -mmcu=atmega32 -DF_CPU=16000000UL -MMD -MP -MF"glcd.d" -MT"glcd.o" -c -o "glcd.o" "../glcd.c"
In file included from ../glcd.c:14:
c:/winavr-20100110/lib/gcc/../../avr/include/util/delay.h:90:3: warning: #warning "Compiler optimizations disabled; functions from <util/delay.h> won't work as designed"
../glcd.c: In function 'GLCD_init':
../glcd.c:44: warning: implicit declaration of function 'GLCD_command'
../glcd.c: At top level:
../glcd.c:59: warning: conflicting types for 'GLCD_command'
../glcd.c:44: warning: previous implicit declaration of 'GLCD_command' was here
../glcd.c: In function 'GLCD_displayStringPageColumn':
../glcd.c:153: warning: unused variable 'page_inc'
../glcd.c:152: warning: unused variable 'Y_Address'
../glcd.c:152: warning: unused variable 'col'
../glcd.c:152: warning: unused variable 'i'
Finished building: ../glcd.c
 
Building target: GLCD_Interfacing.elf
Invoking: AVR C Linker
avr-gcc -Wl,-Map,GLCD_Interfacing.map -mmcu=atmega32 -o "GLCD_Interfacing.elf"  ./glcd.o ./gpio.o ./main.o   
Finished building target: GLCD_Interfacing.elf
 
Invoking: AVR Create Extended Listing
avr-objdump -h -S GLCD_Interfacing.elf  >"GLCD_Interfacing.lss"
Finished building: GLCD_Interfacing.lss
 
Invoking: Print Size
avr-size --format=avr --mcu=atmega32 GLCD_Interfacing.elf
AVR Memory Usage
----------------
Device: atmega32

Program:    8712 bytes (26.6% Full)
(.text + .data + .bootloader)

Data:          8 bytes (0.4% Full)
(.data + .bss + .noinit)


Finished building: sizedummy
 
13:33:56 **** Incremental Build of configuration Debug for project GLCD_Interfacing ****
make all 
Invoking: Print Size
avr-size --format=avr --mcu=atmega32 GLCD_Interfacing.elf
AVR Memory Usage
----------------
Device: atmega32

Program:    8712 bytes (26.6% Full)
(.text + .data + .bootloader)

Data:          8 bytes (0.4% Full)
(.data + .bss + .noinit)


Finished building: sizedummy
 
13:35:17 **** Incremental Build of configuration Debug for project GLCD_Interfacing ****
make all 
Building file: ../main.c
Invoking: AVR Compiler
avr-gcc -Wall -g2 -gstabs -O0 -fpack-struct -fshort-enums -ffunction-sections -fdata-sections -std=gnu99 -funsigned-char -funsigned-bitfields -mmcu=atmega32 -DF_CPU=16000000UL -MMD -MP -MF"main.d" -MT"main.o" -c -o "main.o" "../main.c"
In file included from ../main.c:12:
c:/winavr-20100110/lib/gcc/../../avr/include/util/delay.h:90:3: warning: #warning "Compiler optimizations disabled; functions from <util/delay.h> won't work as designed"
Finished building: ../main.c
 
Building target: GLCD_Interfacing.elf
Invoking: AVR C Linker
avr-gcc -Wl,-Map,GLCD_Interfacing.map -mmcu=atmega32 -o "GLCD_Interfacing.elf"  ./glcd.o ./gpio.o ./main.o   
Finished building target: GLCD_Interfacing.elf
 
Invoking: AVR Create Extended Listing
avr-objdump -h -S GLCD_Interfacing.elf  >"GLCD_Interfacing.lss"
Finished building: GLCD_Interfacing.lss
 
Invoking: Print Size
avr-size --format=avr --mcu=atmega32 GLCD_Interfacing.elf
AVR Memory Usage
----------------
Device: atmega32

Program:    8716 bytes (26.6% Full)
(.text + .data + .bootloader)

Data:          8 bytes (0.4% Full)
(.data + .bss + .noinit)


Finished building: sizedummy
 
13:46:08 **** Incremental Build of configuration Debug for project GLCD_Interfacing ****
make all 
Building file: ../main.c
Invoking: AVR Compiler
avr-gcc -Wall -g2 -gstabs -O0 -fpack-struct -fshort-enums -ffunction-sections -fdata-sections -std=gnu99 -funsigned-char -funsigned-bitfields -mmcu=atmega32 -DF_CPU=16000000UL -MMD -MP -MF"main.d" -MT"main.o" -c -o "main.o" "../main.c"
In file included from ../main.c:12:
c:/winavr-20100110/lib/gcc/../../avr/include/util/delay.h:90:3: warning: #warning "Compiler optimizations disabled; functions from <util/delay.h> won't work as designed"
Finished building: ../main.c
 
Building target: GLCD_Interfacing.elf
Invoking: AVR C Linker
avr-gcc -Wl,-Map,GLCD_Interfacing.map -mmcu=atmega32 -o "GLCD_Interfacing.elf"  ./glcd.o ./gpio.o ./main.o   
Finished building target: GLCD_Interfacing.elf
 
Invoking: AVR Create Extended Listing
avr-objdump -h -S GLCD_Interfacing.elf  >"GLCD_Interfacing.lss"
Finished building: GLCD_Interfacing.lss
 
Invoking: Print Size
avr-size --format=avr --mcu=atmega32 GLCD_Interfacing.elf
AVR Memory Usage
----------------
Device: atmega32

Program:    8730 bytes (26.6% Full)
(.text + .data + .bootloader)

Data:          8 bytes (0.4% Full)
(.data + .bss + .noinit)


Finished building: sizedummy
 
13:48:12 **** Incremental Build of configuration Debug for project GLCD_Interfacing ****
make all 
Building file: ../main.c
Invoking: AVR Compiler
avr-gcc -Wall -g2 -gstabs -O0 -fpack-struct -fshort-enums -ffunction-sections -fdata-sections -std=gnu99 -funsigned-char -funsigned-bitfields -mmcu=atmega32 -DF_CPU=16000000UL -MMD -MP -MF"main.d" -MT"main.o" -c -o "main.o" "../main.c"
In file included from ../main.c:12:
c:/winavr-20100110/lib/gcc/../../avr/include/util/delay.h:90:3: warning: #warning "Compiler optimizations disabled; functions from <util/delay.h> won't work as designed"
Finished building: ../main.c
 
Building target: GLCD_Interfacing.elf
Invoking: AVR C Linker
avr-gcc -Wl,-Map,GLCD_Interfacing.map -mmcu=atmega32 -o "GLCD_Interfacing.elf"  ./glcd.o ./gpio.o ./main.o   
Finished building target: GLCD_Interfacing.elf
 
Invoking: AVR Create Extended Listing
avr-objdump -h -S GLCD_Interfacing.elf  >"GLCD_Interfacing.lss"
Finished building: GLCD_Interfacing.lss
 
Invoking: Print Size
avr-size --format=avr --mcu=atmega32 GLCD_Interfacing.elf
AVR Memory Usage
----------------
Device: atmega32

Program:    8730 bytes (26.6% Full)
(.text + .data + .bootloader)

Data:          8 bytes (0.4% Full)
(.data + .bss + .noinit)


Finished building: sizedummy
 
13:50:20 **** Incremental Build of configuration Debug for project GLCD_Interfacing ****
make all 
Building file: ../glcd.c
Invoking: AVR Compiler
avr-gcc -Wall -g2 -gstabs -O0 -fpack-struct -fshort-enums -ffunction-sections -fdata-sections -std=gnu99 -funsigned-char -funsigned-bitfields -mmcu=atmega32 -DF_CPU=16000000UL -MMD -MP -MF"glcd.d" -MT"glcd.o" -c -o "glcd.o" "../glcd.c"
In file included from ../glcd.c:14:
c:/winavr-20100110/lib/gcc/../../avr/include/util/delay.h:90:3: warning: #warning "Compiler optimizations disabled; functions from <util/delay.h> won't work as designed"
../glcd.c: In function 'GLCD_init':
../glcd.c:44: warning: implicit declaration of function 'GLCD_command'
../glcd.c: At top level:
../glcd.c:59: warning: conflicting types for 'GLCD_command'
../glcd.c:44: warning: previous implicit declaration of 'GLCD_command' was here
../glcd.c: In function 'GLCD_displayStringPageColumn':
../glcd.c:153: warning: unused variable 'page_inc'
../glcd.c:152: warning: unused variable 'Y_Address'
../glcd.c:152: warning: unused variable 'col'
../glcd.c:152: warning: unused variable 'i'
Finished building: ../glcd.c
 
Building file: ../main.c
Invoking: AVR Compiler
avr-gcc -Wall -g2 -gstabs -O0 -fpack-struct -fshort-enums -ffunction-sections -fdata-sections -std=gnu99 -funsigned-char -funsigned-bitfields -mmcu=atmega32 -DF_CPU=16000000UL -MMD -MP -MF"main.d" -MT"main.o" -c -o "main.o" "../main.c"
In file included from ../main.c:12:
c:/winavr-20100110/lib/gcc/../../avr/include/util/delay.h:90:3: warning: #warning "Compiler optimizations disabled; functions from <util/delay.h> won't work as designed"
Finished building: ../main.c
 
Building target: GLCD_Interfacing.elf
Invoking: AVR C Linker
avr-gcc -Wl,-Map,GLCD_Interfacing.map -mmcu=atmega32 -o "GLCD_Interfacing.elf"  ./glcd.o ./gpio.o ./main.o   
Finished building target: GLCD_Interfacing.elf
 
Invoking: AVR Create Extended Listing
avr-objdump -h -S GLCD_Interfacing.elf  >"GLCD_Interfacing.lss"
Finished building: GLCD_Interfacing.lss
 
Invoking: Print Size
avr-size --format=avr --mcu=atmega32 GLCD_Interfacing.elf
AVR Memory Usage
----------------
Device: atmega32

Program:    8706 bytes (26.6% Full)
(.text + .data + .bootloader)

Data:          8 bytes (0.4% Full)
(.data + .bss + .noinit)


Finished building: sizedummy
 
13:51:43 **** Incremental Build of configuration Debug for project GLCD_Interfacing ****
make all 
Building file: ../glcd.c
Invoking: AVR Compiler
avr-gcc -Wall -g2 -gstabs -O0 -fpack-struct -fshort-enums -ffunction-sections -fdata-sections -std=gnu99 -funsigned-char -funsigned-bitfields -mmcu=atmega32 -DF_CPU=16000000UL -MMD -MP -MF"glcd.d" -MT"glcd.o" -c -o "glcd.o" "../glcd.c"
In file included from ../glcd.c:14:
c:/winavr-20100110/lib/gcc/../../avr/include/util/delay.h:90:3: warning: #warning "Compiler optimizations disabled; functions from <util/delay.h> won't work as designed"
../glcd.c: In function 'GLCD_displayStringPageColumn':
../glcd.c:153: warning: unused variable 'page_inc'
../glcd.c:152: warning: unused variable 'Y_Address'
../glcd.c:152: warning: unused variable 'col'
../glcd.c:152: warning: unused variable 'i'
Finished building: ../glcd.c
 
Building target: GLCD_Interfacing.elf
Invoking: AVR C Linker
avr-gcc -Wl,-Map,GLCD_Interfacing.map -mmcu=atmega32 -o "GLCD_Interfacing.elf"  ./glcd.o ./gpio.o ./main.o   
Finished building target: GLCD_Interfacing.elf
 
Invoking: AVR Create Extended Listing
avr-objdump -h -S GLCD_Interfacing.elf  >"GLCD_Interfacing.lss"
Finished building: GLCD_Interfacing.lss
 
Invoking: Print Size
avr-size --format=avr --mcu=atmega32 GLCD_Interfacing.elf
AVR Memory Usage
----------------
Device: atmega32

Program:    8696 bytes (26.5% Full)
(.text + .data + .bootloader)

Data:          8 bytes (0.4% Full)
(.data + .bss + .noinit)


Finished building: sizedummy
 
13:52:14 **** Incremental Build of configuration Debug for project GLCD_Interfacing ****
make all 
Building file: ../main.c
Invoking: AVR Compiler
avr-gcc -Wall -g2 -gstabs -O0 -fpack-struct -fshort-enums -ffunction-sections -fdata-sections -std=gnu99 -funsigned-char -funsigned-bitfields -mmcu=atmega32 -DF_CPU=16000000UL -MMD -MP -MF"main.d" -MT"main.o" -c -o "main.o" "../main.c"
In file included from ../main.c:12:
c:/winavr-20100110/lib/gcc/../../avr/include/util/delay.h:90:3: warning: #warning "Compiler optimizations disabled; functions from <util/delay.h> won't work as designed"
Finished building: ../main.c
 
Building target: GLCD_Interfacing.elf
Invoking: AVR C Linker
avr-gcc -Wl,-Map,GLCD_Interfacing.map -mmcu=atmega32 -o "GLCD_Interfacing.elf"  ./glcd.o ./gpio.o ./main.o   
Finished building target: GLCD_Interfacing.elf
 
Invoking: AVR Create Extended Listing
avr-objdump -h -S GLCD_Interfacing.elf  >"GLCD_Interfacing.lss"
Finished building: GLCD_Interfacing.lss
 
Invoking: Print Size
avr-size --format=avr --mcu=atmega32 GLCD_Interfacing.elf
AVR Memory Usage
----------------
Device: atmega32

Program:    8720 bytes (26.6% Full)
(.text + .data + .bootloader)

Data:          8 bytes (0.4% Full)
(.data + .bss + .noinit)


Finished building: sizedummy
 
13:52:39 **** Incremental Build of configuration Debug for project GLCD_Interfacing ****
make all 
Building file: ../main.c
Invoking: AVR Compiler
avr-gcc -Wall -g2 -gstabs -O0 -fpack-struct -fshort-enums -ffunction-sections -fdata-sections -std=gnu99 -funsigned-char -funsigned-bitfields -mmcu=atmega32 -DF_CPU=16000000UL -MMD -MP -MF"main.d" -MT"main.o" -c -o "main.o" "../main.c"
In file included from ../main.c:12:
c:/winavr-20100110/lib/gcc/../../avr/include/util/delay.h:90:3: warning: #warning "Compiler optimizations disabled; functions from <util/delay.h> won't work as designed"
Finished building: ../main.c
 
Building target: GLCD_Interfacing.elf
Invoking: AVR C Linker
avr-gcc -Wl,-Map,GLCD_Interfacing.map -mmcu=atmega32 -o "GLCD_Interfacing.elf"  ./glcd.o ./gpio.o ./main.o   
Finished building target: GLCD_Interfacing.elf
 
Invoking: AVR Create Extended Listing
avr-objdump -h -S GLCD_Interfacing.elf  >"GLCD_Interfacing.lss"
Finished building: GLCD_Interfacing.lss
 
Invoking: Print Size
avr-size --format=avr --mcu=atmega32 GLCD_Interfacing.elf
AVR Memory Usage
----------------
Device: atmega32

Program:    8720 bytes (26.6% Full)
(.text + .data + .bootloader)

Data:          8 bytes (0.4% Full)
(.data + .bss + .noinit)


Finished building: sizedummy
 
